TN:
SF:/Users/krol22/Work/new-game-ts/src/engine/Ecs.spec.ts
FN:7,(anonymous_0)
FN:13,(anonymous_1)
FN:14,(anonymous_2)
FN:18,(anonymous_3)
FN:19,(anonymous_4)
FN:36,(anonymous_5)
FN:60,(anonymous_6)
FN:61,(anonymous_7)
FN:71,(anonymous_8)
FN:88,(anonymous_9)
FN:89,(anonymous_10)
FN:109,(anonymous_11)
FNF:12
FNH:12
FNDA:2,(anonymous_0)
FNDA:1,(anonymous_1)
FNDA:1,(anonymous_2)
FNDA:1,(anonymous_3)
FNDA:1,(anonymous_4)
FNDA:1,(anonymous_5)
FNDA:1,(anonymous_6)
FNDA:1,(anonymous_7)
FNDA:1,(anonymous_8)
FNDA:1,(anonymous_9)
FNDA:1,(anonymous_10)
FNDA:1,(anonymous_11)
DA:1,1
DA:2,1
DA:3,1
DA:4,1
DA:10,1
DA:11,1
DA:13,1
DA:14,1
DA:15,1
DA:18,1
DA:19,1
DA:20,1
DA:22,1
DA:24,1
DA:25,1
DA:27,1
DA:28,1
DA:30,1
DA:32,1
DA:33,1
DA:36,1
DA:37,1
DA:39,1
DA:40,1
DA:42,1
DA:43,1
DA:45,1
DA:47,1
DA:48,1
DA:50,1
DA:51,1
DA:53,1
DA:55,1
DA:56,1
DA:60,1
DA:61,1
DA:62,1
DA:64,1
DA:65,1
DA:67,1
DA:68,1
DA:71,1
DA:72,1
DA:74,1
DA:75,1
DA:77,1
DA:78,1
DA:80,1
DA:81,1
DA:83,1
DA:84,1
DA:88,1
DA:89,1
DA:90,1
DA:91,1
DA:93,1
DA:94,1
DA:96,1
DA:97,1
DA:99,1
DA:100,1
DA:102,1
DA:104,1
DA:105,1
DA:109,1
LF:65
LH:65
BRF:0
BRH:0
end_of_record
TN:
SF:/Users/krol22/Work/new-game-ts/src/engine/Ecs.ts
FN:17,(anonymous_0)
FN:24,(anonymous_1)
FN:26,(anonymous_2)
FN:32,(anonymous_3)
FN:39,(anonymous_4)
FN:43,(anonymous_5)
FN:50,(anonymous_6)
FN:57,(anonymous_7)
FN:62,(anonymous_8)
FN:66,(anonymous_9)
FN:70,(anonymous_10)
FN:71,(anonymous_11)
FN:74,(anonymous_12)
FN:80,(anonymous_13)
FN:85,(anonymous_14)
FN:86,(anonymous_15)
FN:94,(anonymous_16)
FN:95,(anonymous_17)
FN:102,(anonymous_18)
FN:103,(anonymous_19)
FN:109,(anonymous_20)
FN:110,(anonymous_21)
FN:111,(anonymous_22)
FN:112,(anonymous_23)
FN:121,(anonymous_24)
FN:122,(anonymous_25)
FN:123,(anonymous_26)
FN:133,(anonymous_27)
FN:134,(anonymous_28)
FNF:29
FNH:22
FNDA:5,(anonymous_0)
FNDA:5,(anonymous_1)
FNDA:4,(anonymous_2)
FNDA:4,(anonymous_3)
FNDA:2,(anonymous_4)
FNDA:6,(anonymous_5)
FNDA:2,(anonymous_6)
FNDA:14,(anonymous_7)
FNDA:4,(anonymous_8)
FNDA:6,(anonymous_9)
FNDA:2,(anonymous_10)
FNDA:2,(anonymous_11)
FNDA:0,(anonymous_12)
FNDA:4,(anonymous_13)
FNDA:2,(anonymous_14)
FNDA:2,(anonymous_15)
FNDA:5,(anonymous_16)
FNDA:4,(anonymous_17)
FNDA:10,(anonymous_18)
FNDA:310,(anonymous_19)
FNDA:5,(anonymous_20)
FNDA:0,(anonymous_21)
FNDA:0,(anonymous_22)
FNDA:0,(anonymous_23)
FNDA:0,(anonymous_24)
FNDA:0,(anonymous_25)
FNDA:0,(anonymous_26)
FNDA:8,(anonymous_27)
FNDA:8,(anonymous_28)
DA:1,1
DA:5,1
DA:6,5
DA:9,5
DA:10,5
DA:11,5
DA:13,5
DA:15,5
DA:18,5
DA:19,5
DA:21,5
DA:25,5
DA:26,5
DA:27,4
DA:29,5
DA:33,4
DA:34,4
DA:36,4
DA:40,2
DA:44,6
DA:45,6
DA:47,6
DA:51,2
DA:58,14
DA:59,14
DA:60,10
DA:62,4
DA:67,6
DA:71,2
DA:73,2
DA:74,2
DA:77,2
DA:81,4
DA:82,4
DA:86,2
DA:87,2
DA:90,2
DA:91,2
DA:95,5
DA:96,4
DA:99,5
DA:103,10
DA:104,310
DA:105,310
DA:110,5
DA:111,0
DA:112,0
DA:113,0
DA:116,0
DA:117,0
DA:121,5
DA:122,0
DA:123,0
DA:124,0
DA:127,0
DA:128,0
DA:133,8
DA:134,8
LF:58
LH:48
BRDA:59,0,0,10
BRDA:59,0,1,4
BRDA:73,1,0,2
BRDA:73,1,1,0
BRDA:104,2,0,300
BRDA:104,2,1,10
BRF:6
BRH:5
end_of_record
TN:
SF:/Users/krol22/Work/new-game-ts/src/engine/EcsComponent.ts
FN:6,(anonymous_0)
FNF:1
FNH:1
FNDA:5,(anonymous_0)
DA:5,1
DA:6,5
LF:2
LH:2
BRF:0
BRH:0
end_of_record
TN:
SF:/Users/krol22/Work/new-game-ts/src/engine/EcsEntity.spec.ts
FN:4,(anonymous_0)
FN:10,(anonymous_1)
FN:14,(anonymous_2)
FN:15,(anonymous_3)
FN:21,(anonymous_4)
FN:28,(anonymous_5)
FN:29,(anonymous_6)
FN:41,(anonymous_7)
FN:44,(anonymous_8)
FNF:9
FNH:9
FNDA:1,(anonymous_0)
FNDA:1,(anonymous_1)
FNDA:1,(anonymous_2)
FNDA:1,(anonymous_3)
FNDA:1,(anonymous_4)
FNDA:1,(anonymous_5)
FNDA:1,(anonymous_6)
FNDA:1,(anonymous_7)
FNDA:1,(anonymous_8)
DA:1,1
DA:2,1
DA:4,1
DA:5,1
DA:10,1
DA:11,1
DA:14,1
DA:15,1
DA:16,1
DA:18,1
DA:21,1
DA:22,1
DA:24,1
DA:28,1
DA:29,1
DA:30,1
DA:32,1
DA:41,1
DA:42,1
DA:44,1
LF:20
LH:20
BRF:0
BRH:0
end_of_record
TN:
SF:/Users/krol22/Work/new-game-ts/src/engine/EcsEntity.ts
FN:14,(anonymous_0)
FN:17,(anonymous_1)
FN:22,(anonymous_2)
FN:26,(anonymous_3)
FN:27,(anonymous_4)
FNF:5
FNH:5
FNDA:9,(anonymous_0)
FNDA:15,(anonymous_1)
FNDA:13,(anonymous_2)
FNDA:2,(anonymous_3)
FNDA:3,(anonymous_4)
DA:7,1
DA:9,9
DA:11,9
DA:12,9
DA:15,9
DA:17,9
DA:18,15
DA:23,13
DA:27,2
DA:28,3
DA:31,2
DA:32,1
DA:35,1
LF:13
LH:13
BRDA:31,0,0,1
BRDA:31,0,1,1
BRF:2
BRH:2
end_of_record
TN:
SF:/Users/krol22/Work/new-game-ts/src/engine/EcsSystem.spec.ts
FN:7,(anonymous_0)
FN:26,(anonymous_1)
FN:27,(anonymous_2)
FN:31,(anonymous_3)
FN:35,(anonymous_4)
FN:40,(anonymous_5)
FN:41,(anonymous_6)
FN:49,(anonymous_7)
FN:50,(anonymous_8)
FN:57,(anonymous_9)
FN:65,(anonymous_10)
FN:68,(anonymous_11)
FN:70,(anonymous_12)
FN:75,(anonymous_13)
FN:86,(anonymous_14)
FNF:15
FNH:14
FNDA:0,(anonymous_0)
FNDA:1,(anonymous_1)
FNDA:1,(anonymous_2)
FNDA:1,(anonymous_3)
FNDA:1,(anonymous_4)
FNDA:1,(anonymous_5)
FNDA:1,(anonymous_6)
FNDA:1,(anonymous_7)
FNDA:1,(anonymous_8)
FNDA:1,(anonymous_9)
FNDA:1,(anonymous_10)
FNDA:2,(anonymous_11)
FNDA:4,(anonymous_12)
FNDA:1,(anonymous_13)
FNDA:1,(anonymous_14)
DA:1,1
DA:2,1
DA:3,1
DA:4,1
DA:10,1
DA:11,1
DA:12,1
DA:14,1
DA:15,1
DA:16,1
DA:17,1
DA:19,1
DA:26,1
DA:27,1
DA:28,1
DA:31,1
DA:32,1
DA:35,1
DA:36,1
DA:37,1
DA:40,1
DA:41,1
DA:42,1
DA:43,1
DA:45,1
DA:49,1
DA:50,1
DA:51,1
DA:52,1
DA:54,1
DA:57,1
DA:58,1
DA:59,1
DA:61,1
DA:65,1
DA:68,1
DA:69,2
DA:70,2
DA:71,4
DA:75,1
DA:76,1
DA:77,1
DA:79,1
DA:80,1
DA:82,1
DA:83,1
DA:86,1
DA:87,1
DA:88,1
DA:90,1
DA:91,1
DA:93,1
DA:94,1
LF:53
LH:53
BRF:0
BRH:0
end_of_record
TN:
SF:/Users/krol22/Work/new-game-ts/src/engine/EcsSystem.ts
FN:16,(anonymous_0)
FN:24,(anonymous_1)
FN:28,(anonymous_2)
FN:33,(anonymous_3)
FN:37,(anonymous_4)
FN:42,(anonymous_5)
FN:43,(anonymous_6)
FN:51,(anonymous_7)
FN:60,(anonymous_8)
FN:61,(anonymous_9)
FN:67,(anonymous_10)
FN:68,(anonymous_11)
FN:77,(anonymous_12)
FN:78,(anonymous_13)
FNF:14
FNH:11
FNDA:8,(anonymous_0)
FNDA:0,(anonymous_1)
FNDA:2,(anonymous_2)
FNDA:0,(anonymous_3)
FNDA:1,(anonymous_4)
FNDA:7,(anonymous_5)
FNDA:11,(anonymous_6)
FNDA:1,(anonymous_7)
FNDA:8,(anonymous_8)
FNDA:3,(anonymous_9)
FNDA:1,(anonymous_10)
FNDA:1,(anonymous_11)
FNDA:0,(anonymous_12)
FNDA:5,(anonymous_13)
DA:8,1
DA:10,8
DA:11,8
DA:12,8
DA:17,8
DA:18,8
DA:21,8
DA:25,0
DA:29,2
DA:30,2
DA:34,0
DA:38,1
DA:39,1
DA:43,7
DA:44,11
DA:47,7
DA:48,3
DA:51,4
DA:53,4
DA:54,1
DA:57,3
DA:61,8
DA:62,3
DA:63,2
DA:67,8
DA:68,1
DA:69,1
DA:72,1
DA:77,0
DA:78,5
LF:30
LH:27
BRDA:30,0,0,1
BRDA:30,0,1,1
BRDA:47,1,0,3
BRDA:47,1,1,4
BRDA:53,2,0,1
BRDA:53,2,1,3
BRDA:62,3,0,2
BRDA:62,3,1,1
BRF:8
BRH:8
end_of_record
TN:
SF:/Users/krol22/Work/new-game-ts/src/engine/EventAggregator.spec.ts
FN:3,(anonymous_0)
FN:4,(anonymous_1)
FN:8,(anonymous_2)
FNF:3
FNH:3
FNDA:1,(anonymous_0)
FNDA:1,(anonymous_1)
FNDA:1,(anonymous_2)
DA:1,1
DA:3,1
DA:4,1
DA:5,1
DA:8,1
DA:9,1
DA:10,1
DA:11,1
DA:13,1
DA:15,1
DA:16,1
DA:18,1
LF:12
LH:12
BRF:0
BRH:0
end_of_record
TN:
SF:/Users/krol22/Work/new-game-ts/src/engine/EventAggregator.ts
FN:4,(anonymous_0)
FN:8,(anonymous_1)
FN:13,(anonymous_2)
FN:18,(anonymous_3)
FNF:4
FNH:4
FNDA:11,(anonymous_0)
FNDA:7,(anonymous_1)
FNDA:1,(anonymous_2)
FNDA:23,(anonymous_3)
DA:1,1
DA:5,11
DA:9,7
DA:10,6
DA:13,1
DA:14,1
DA:19,23
DA:20,19
DA:23,23
LF:9
LH:9
BRDA:9,0,0,6
BRDA:9,0,1,1
BRDA:19,1,0,19
BRDA:19,1,1,4
BRF:4
BRH:4
end_of_record
TN:
SF:/Users/krol22/Work/new-game-ts/tests/unit/spec-bundle.js
FN:5,requireAll
FNF:1
FNH:1
FNDA:1,requireAll
DA:1,1
DA:3,1
DA:6,1
DA:9,1
LF:4
LH:4
BRF:0
BRH:0
end_of_record
