TN:
SF:/Users/krol22/Work/new-game-ts/src/engine/EventAggregator.spec.ts
FN:3,(anonymous_0)
FN:4,(anonymous_1)
FN:8,(anonymous_2)
FNF:3
FNH:3
FNDA:1,(anonymous_0)
FNDA:1,(anonymous_1)
FNDA:1,(anonymous_2)
DA:1,1
DA:3,1
DA:4,1
DA:5,1
DA:8,1
DA:9,1
DA:10,1
DA:11,1
DA:13,1
DA:15,1
DA:16,1
DA:18,1
LF:12
LH:12
BRF:0
BRH:0
end_of_record
TN:
SF:/Users/krol22/Work/new-game-ts/src/engine/EventAggregator.ts
FN:4,(anonymous_0)
FN:8,(anonymous_1)
FN:13,(anonymous_2)
FN:18,(anonymous_3)
FNF:4
FNH:4
FNDA:5,(anonymous_0)
FNDA:7,(anonymous_1)
FNDA:13,(anonymous_2)
FNDA:23,(anonymous_3)
DA:1,1
DA:5,5
DA:9,7
DA:10,0
DA:13,7
DA:14,13
DA:19,23
DA:20,9
DA:23,23
LF:9
LH:8
BRDA:9,0,0,0
BRDA:9,0,1,7
BRDA:19,1,0,9
BRDA:19,1,1,14
BRF:4
BRH:3
end_of_record
TN:
SF:/Users/krol22/Work/new-game-ts/src/engine/ECS/Ecs.spec.ts
FN:7,(anonymous_0)
FN:14,(anonymous_1)
FN:15,(anonymous_2)
FN:19,(anonymous_3)
FN:20,(anonymous_4)
FN:37,(anonymous_5)
FN:61,(anonymous_6)
FN:62,(anonymous_7)
FN:72,(anonymous_8)
FN:89,(anonymous_9)
FN:90,(anonymous_10)
FN:110,(anonymous_11)
FN:113,(anonymous_12)
FN:115,(anonymous_13)
FN:120,(anonymous_14)
FN:133,(anonymous_15)
FNF:16
FNH:16
FNDA:2,(anonymous_0)
FNDA:1,(anonymous_1)
FNDA:1,(anonymous_2)
FNDA:1,(anonymous_3)
FNDA:1,(anonymous_4)
FNDA:1,(anonymous_5)
FNDA:1,(anonymous_6)
FNDA:1,(anonymous_7)
FNDA:1,(anonymous_8)
FNDA:1,(anonymous_9)
FNDA:1,(anonymous_10)
FNDA:1,(anonymous_11)
FNDA:2,(anonymous_12)
FNDA:8,(anonymous_13)
FNDA:1,(anonymous_14)
FNDA:1,(anonymous_15)
DA:1,1
DA:2,1
DA:3,1
DA:4,1
DA:10,1
DA:11,1
DA:12,1
DA:14,1
DA:15,1
DA:16,1
DA:19,1
DA:20,1
DA:21,1
DA:23,1
DA:25,1
DA:26,1
DA:28,1
DA:29,1
DA:31,1
DA:33,1
DA:34,1
DA:37,1
DA:38,1
DA:40,1
DA:41,1
DA:43,1
DA:44,1
DA:46,1
DA:48,1
DA:49,1
DA:51,1
DA:52,1
DA:54,1
DA:56,1
DA:57,1
DA:61,1
DA:62,1
DA:63,1
DA:65,1
DA:66,1
DA:68,1
DA:69,1
DA:72,1
DA:73,1
DA:75,1
DA:76,1
DA:78,1
DA:79,1
DA:81,1
DA:82,1
DA:84,1
DA:85,1
DA:89,1
DA:90,1
DA:91,1
DA:92,1
DA:94,1
DA:95,1
DA:97,1
DA:98,1
DA:100,1
DA:101,1
DA:103,1
DA:105,1
DA:106,1
DA:110,1
DA:113,1
DA:114,2
DA:115,2
DA:116,8
DA:120,1
DA:121,1
DA:122,1
DA:123,1
DA:125,1
DA:127,1
DA:129,1
DA:130,1
DA:133,1
DA:134,1
DA:135,1
DA:136,1
DA:137,1
DA:139,1
DA:140,1
DA:142,1
DA:144,1
DA:145,1
LF:88
LH:88
BRF:0
BRH:0
end_of_record
TN:
SF:/Users/krol22/Work/new-game-ts/src/engine/ECS/Ecs.ts
FN:16,(anonymous_0)
FN:22,(anonymous_1)
FN:24,(anonymous_2)
FN:30,(anonymous_3)
FN:37,(anonymous_4)
FN:41,(anonymous_5)
FN:48,(anonymous_6)
FN:55,(anonymous_7)
FN:60,(anonymous_8)
FN:64,(anonymous_9)
FN:68,(anonymous_10)
FN:69,(anonymous_11)
FN:72,(anonymous_12)
FN:78,(anonymous_13)
FN:83,(anonymous_14)
FN:84,(anonymous_15)
FN:92,(anonymous_16)
FN:93,(anonymous_17)
FN:100,(anonymous_18)
FN:101,(anonymous_19)
FN:107,(anonymous_20)
FN:108,(anonymous_21)
FN:109,(anonymous_22)
FN:110,(anonymous_23)
FN:119,(anonymous_24)
FN:120,(anonymous_25)
FN:121,(anonymous_26)
FN:131,(anonymous_27)
FN:132,(anonymous_28)
FN:133,(anonymous_29)
FNF:30
FNH:29
FNDA:7,(anonymous_0)
FNDA:5,(anonymous_1)
FNDA:4,(anonymous_2)
FNDA:4,(anonymous_3)
FNDA:2,(anonymous_4)
FNDA:8,(anonymous_5)
FNDA:2,(anonymous_6)
FNDA:19,(anonymous_7)
FNDA:4,(anonymous_8)
FNDA:8,(anonymous_9)
FNDA:2,(anonymous_10)
FNDA:2,(anonymous_11)
FNDA:0,(anonymous_12)
FNDA:4,(anonymous_13)
FNDA:2,(anonymous_14)
FNDA:2,(anonymous_15)
FNDA:5,(anonymous_16)
FNDA:4,(anonymous_17)
FNDA:12,(anonymous_18)
FNDA:372,(anonymous_19)
FNDA:7,(anonymous_20)
FNDA:2,(anonymous_21)
FNDA:2,(anonymous_22)
FNDA:2,(anonymous_23)
FNDA:1,(anonymous_24)
FNDA:1,(anonymous_25)
FNDA:1,(anonymous_26)
FNDA:8,(anonymous_27)
FNDA:11,(anonymous_28)
FNDA:3,(anonymous_29)
DA:5,1
DA:6,7
DA:8,7
DA:9,7
DA:10,7
DA:12,7
DA:14,7
DA:16,7
DA:17,7
DA:19,7
DA:23,5
DA:24,5
DA:25,4
DA:27,5
DA:31,4
DA:32,4
DA:34,4
DA:38,2
DA:42,8
DA:43,8
DA:45,8
DA:49,2
DA:56,19
DA:57,19
DA:58,15
DA:60,4
DA:65,8
DA:69,2
DA:71,2
DA:72,2
DA:75,2
DA:79,4
DA:80,4
DA:84,2
DA:85,2
DA:88,2
DA:89,2
DA:93,5
DA:94,4
DA:97,5
DA:101,12
DA:102,372
DA:103,372
DA:108,7
DA:109,2
DA:110,2
DA:111,2
DA:114,2
DA:115,2
DA:119,7
DA:120,1
DA:121,1
DA:122,1
DA:125,1
DA:126,1
DA:131,8
DA:132,11
DA:133,3
LF:58
LH:58
BRDA:57,0,0,15
BRDA:57,0,1,4
BRDA:71,1,0,2
BRDA:71,1,1,0
BRDA:102,2,0,360
BRDA:102,2,1,12
BRF:6
BRH:5
end_of_record
TN:
SF:/Users/krol22/Work/new-game-ts/src/engine/ECS/EcsComponent.ts
FN:6,(anonymous_0)
FNF:1
FNH:1
FNDA:5,(anonymous_0)
DA:5,1
DA:6,5
LF:2
LH:2
BRF:0
BRH:0
end_of_record
TN:
SF:/Users/krol22/Work/new-game-ts/src/engine/ECS/EcsEntity.spec.ts
FN:4,(anonymous_0)
FN:10,(anonymous_1)
FN:14,(anonymous_2)
FN:15,(anonymous_3)
FN:21,(anonymous_4)
FN:28,(anonymous_5)
FN:29,(anonymous_6)
FN:41,(anonymous_7)
FN:44,(anonymous_8)
FNF:9
FNH:9
FNDA:1,(anonymous_0)
FNDA:1,(anonymous_1)
FNDA:1,(anonymous_2)
FNDA:1,(anonymous_3)
FNDA:1,(anonymous_4)
FNDA:1,(anonymous_5)
FNDA:1,(anonymous_6)
FNDA:1,(anonymous_7)
FNDA:1,(anonymous_8)
DA:1,1
DA:2,1
DA:4,1
DA:5,1
DA:10,1
DA:11,1
DA:14,1
DA:15,1
DA:16,1
DA:18,1
DA:21,1
DA:22,1
DA:24,1
DA:28,1
DA:29,1
DA:30,1
DA:32,1
DA:41,1
DA:42,1
DA:44,1
LF:20
LH:20
BRF:0
BRH:0
end_of_record
TN:
SF:/Users/krol22/Work/new-game-ts/src/engine/ECS/EcsEntity.ts
FN:14,(anonymous_0)
FN:17,(anonymous_1)
FN:22,(anonymous_2)
FN:26,(anonymous_3)
FN:27,(anonymous_4)
FNF:5
FNH:5
FNDA:9,(anonymous_0)
FNDA:15,(anonymous_1)
FNDA:13,(anonymous_2)
FNDA:2,(anonymous_3)
FNDA:3,(anonymous_4)
DA:7,1
DA:9,9
DA:11,9
DA:12,9
DA:15,9
DA:17,9
DA:18,15
DA:23,13
DA:27,2
DA:28,3
DA:31,2
DA:32,1
DA:35,1
LF:13
LH:13
BRDA:31,0,0,1
BRDA:31,0,1,1
BRF:2
BRH:2
end_of_record
TN:
SF:/Users/krol22/Work/new-game-ts/src/engine/ECS/EcsSystem.spec.ts
FN:7,(anonymous_0)
FN:26,(anonymous_1)
FN:27,(anonymous_2)
FN:31,(anonymous_3)
FN:35,(anonymous_4)
FN:40,(anonymous_5)
FN:41,(anonymous_6)
FN:49,(anonymous_7)
FN:50,(anonymous_8)
FN:57,(anonymous_9)
FN:65,(anonymous_10)
FN:68,(anonymous_11)
FN:70,(anonymous_12)
FN:75,(anonymous_13)
FN:86,(anonymous_14)
FNF:15
FNH:14
FNDA:0,(anonymous_0)
FNDA:1,(anonymous_1)
FNDA:1,(anonymous_2)
FNDA:1,(anonymous_3)
FNDA:1,(anonymous_4)
FNDA:1,(anonymous_5)
FNDA:1,(anonymous_6)
FNDA:1,(anonymous_7)
FNDA:1,(anonymous_8)
FNDA:1,(anonymous_9)
FNDA:1,(anonymous_10)
FNDA:2,(anonymous_11)
FNDA:4,(anonymous_12)
FNDA:1,(anonymous_13)
FNDA:1,(anonymous_14)
DA:1,1
DA:2,1
DA:3,1
DA:4,1
DA:10,1
DA:11,1
DA:12,1
DA:14,1
DA:15,1
DA:16,1
DA:17,1
DA:19,1
DA:26,1
DA:27,1
DA:28,1
DA:31,1
DA:32,1
DA:35,1
DA:36,1
DA:37,1
DA:40,1
DA:41,1
DA:42,1
DA:43,1
DA:45,1
DA:49,1
DA:50,1
DA:51,1
DA:52,1
DA:54,1
DA:57,1
DA:58,1
DA:59,1
DA:61,1
DA:65,1
DA:68,1
DA:69,2
DA:70,2
DA:71,4
DA:75,1
DA:76,1
DA:77,1
DA:79,1
DA:80,1
DA:82,1
DA:83,1
DA:86,1
DA:87,1
DA:88,1
DA:90,1
DA:91,1
DA:93,1
DA:94,1
LF:53
LH:53
BRF:0
BRH:0
end_of_record
TN:
SF:/Users/krol22/Work/new-game-ts/src/engine/ECS/EcsSystem.ts
FN:16,(anonymous_0)
FN:24,(anonymous_1)
FN:28,(anonymous_2)
FN:33,(anonymous_3)
FN:37,(anonymous_4)
FN:42,(anonymous_5)
FN:43,(anonymous_6)
FN:51,(anonymous_7)
FN:60,(anonymous_8)
FN:61,(anonymous_9)
FN:67,(anonymous_10)
FN:68,(anonymous_11)
FN:77,(anonymous_12)
FN:78,(anonymous_13)
FNF:14
FNH:11
FNDA:10,(anonymous_0)
FNDA:0,(anonymous_1)
FNDA:2,(anonymous_2)
FNDA:0,(anonymous_3)
FNDA:1,(anonymous_4)
FNDA:15,(anonymous_5)
FNDA:11,(anonymous_6)
FNDA:3,(anonymous_7)
FNDA:10,(anonymous_8)
FNDA:11,(anonymous_9)
FNDA:5,(anonymous_10)
FNDA:5,(anonymous_11)
FNDA:0,(anonymous_12)
FNDA:5,(anonymous_13)
DA:8,1
DA:10,10
DA:11,10
DA:12,10
DA:17,10
DA:18,10
DA:21,10
DA:25,0
DA:29,2
DA:30,2
DA:34,0
DA:38,1
DA:39,1
DA:43,15
DA:44,11
DA:47,15
DA:48,3
DA:51,12
DA:53,12
DA:54,3
DA:57,9
DA:61,10
DA:62,11
DA:63,8
DA:67,10
DA:68,5
DA:69,5
DA:72,5
DA:77,0
DA:78,5
LF:30
LH:27
BRDA:30,0,0,1
BRDA:30,0,1,1
BRDA:47,1,0,3
BRDA:47,1,1,12
BRDA:53,2,0,3
BRDA:53,2,1,9
BRDA:62,3,0,8
BRDA:62,3,1,3
BRF:8
BRH:8
end_of_record
TN:
SF:/Users/krol22/Work/new-game-ts/tests/unit/spec-bundle.js
FN:5,requireAll
FNF:1
FNH:1
FNDA:1,requireAll
DA:1,1
DA:3,1
DA:6,1
DA:9,1
LF:4
LH:4
BRF:0
BRH:0
end_of_record
